<?xml version="1.0" encoding="UTF-8"?>
<testng-results ignored="0" total="1" passed="1" failed="0" skipped="0">
  <reporter-output>
  </reporter-output>
  <suite started-at="2023-03-11T18:35:07 IST" name="Default suite" finished-at="2023-03-11T18:35:25 IST" duration-ms="18602">
    <groups>
    </groups>
    <test started-at="2023-03-11T18:35:07 IST" name="Default test" finished-at="2023-03-11T18:35:25 IST" duration-ms="18602">
      <class name="demo.ExtentReportsDemo">
        <test-method is-config="true" signature="extentReportConfig()[pri:0, instance:demo.ExtentReportsDemo@6340e5f0]" started-at="2023-03-11T18:35:07 IST" name="extentReportConfig" finished-at="2023-03-11T18:35:08 IST" duration-ms="1045" status="PASS">
          <reporter-output>
          </reporter-output>
        </test-method> <!-- extentReportConfig -->
        <test-method signature="extentReporterDemo()[pri:0, instance:demo.ExtentReportsDemo@6340e5f0]" started-at="2023-03-11T18:35:08 IST" name="extentReporterDemo" finished-at="2023-03-11T18:35:25 IST" duration-ms="17494" status="PASS">
          <reporter-output>
          </reporter-output>
        </test-method> <!-- extentReporterDemo -->
      </class> <!-- demo.ExtentReportsDemo -->
    </test> <!-- Default test -->
  </suite> <!-- Default suite -->
</testng-results>
