<?xml version="1.0" encoding="UTF-8"?>
<testng-results ignored="0" total="1" passed="1" failed="0" skipped="0">
  <reporter-output>
  </reporter-output>
  <suite started-at="2023-02-21T21:23:03 IST" name="Default suite" finished-at="2023-02-21T21:23:14 IST" duration-ms="10949">
    <groups>
    </groups>
    <test started-at="2023-02-21T21:23:03 IST" name="Default test" finished-at="2023-02-21T21:23:14 IST" duration-ms="10949">
      <class name="demo.Locators2">
        <test-method signature="testMethod()[pri:0, instance:demo.Locators2@3527942a]" started-at="2023-02-21T21:23:03 IST" name="testMethod" finished-at="2023-02-21T21:23:14 IST" duration-ms="10892" status="PASS">
          <reporter-output>
          </reporter-output>
        </test-method> <!-- testMethod -->
      </class> <!-- demo.Locators2 -->
    </test> <!-- Default test -->
  </suite> <!-- Default suite -->
</testng-results>
